srv\src\main\resources\edmx\CatalogService.xml
srv\src\main\resources\edmx\CatalogService_ar.xml
srv\src\main\resources\edmx\CatalogService_cs.xml
srv\src\main\resources\edmx\CatalogService_da.xml
srv\src\main\resources\edmx\CatalogService_de.xml
srv\src\main\resources\edmx\CatalogService_en.xml
srv\src\main\resources\edmx\CatalogService_es.xml
srv\src\main\resources\edmx\CatalogService_fi.xml
srv\src\main\resources\edmx\CatalogService_fr.xml
srv\src\main\resources\edmx\CatalogService_hu.xml
srv\src\main\resources\edmx\CatalogService_it.xml
srv\src\main\resources\edmx\CatalogService_ja.xml
srv\src\main\resources\edmx\CatalogService_ko.xml
srv\src\main\resources\edmx\CatalogService_ms.xml
srv\src\main\resources\edmx\CatalogService_nl.xml
srv\src\main\resources\edmx\CatalogService_no.xml
srv\src\main\resources\edmx\CatalogService_pl.xml
srv\src\main\resources\edmx\CatalogService_pt.xml
srv\src\main\resources\edmx\CatalogService_ro.xml
srv\src\main\resources\edmx\CatalogService_ru.xml
srv\src\main\resources\edmx\CatalogService_sv.xml
srv\src\main\resources\edmx\CatalogService_th.xml
srv\src\main\resources\edmx\CatalogService_tr.xml
srv\src\main\resources\edmx\CatalogService_zh_CN.xml
srv\src\main\resources\edmx\CatalogService_zh_TW.xml
srv\src\main\resources\edmx\csn.json